0 info it worked if it ends with ok
1 verbose cli [ '/Users/Fox/.nvm/versions/node/v6.2.1/bin/node',
1 verbose cli   '/Users/Fox/.nvm/versions/node/v6.2.1/bin/npm',
1 verbose cli   'start' ]
2 info using npm@3.9.3
3 info using node@v6.2.1
4 verbose run-script [ 'prestart', 'start', 'poststart' ]
5 info lifecycle center_stage_landing@1.0.0~prestart: center_stage_landing@1.0.0
6 silly lifecycle center_stage_landing@1.0.0~prestart: no script for prestart, continuing
7 info lifecycle center_stage_landing@1.0.0~start: center_stage_landing@1.0.0
8 verbose lifecycle center_stage_landing@1.0.0~start: unsafe-perm in lifecycle true
9 verbose lifecycle center_stage_landing@1.0.0~start: PATH: /Users/Fox/.nvm/versions/node/v6.2.1/lib/node_modules/npm/bin/node-gyp-bin:/Users/Fox/Documents/Programming/casted.co3/main/node_modules/.bin:/Users/Fox/.nvm/versions/node/v6.2.1/bin:/Users/Fox/.nvm/versions/node/v6.2.1/bin:bin:/usr/local/bin:/usr/bin:/bin:/usr/sbin:/sbinbin:/Library/Frameworks/Python.framework/Versions/3.5/bin:~/phantomjs-2.1.1-macosx/
10 verbose lifecycle center_stage_landing@1.0.0~start: CWD: /Users/Fox/Documents/Programming/casted.co3/main
11 silly lifecycle center_stage_landing@1.0.0~start: Args: [ '-c', 'node start.js' ]
12 silly lifecycle center_stage_landing@1.0.0~start: Returned: code: 1  signal: null
13 info lifecycle center_stage_landing@1.0.0~start: Failed to exec start script
14 verbose stack Error: center_stage_landing@1.0.0 start: `node start.js`
14 verbose stack Exit status 1
14 verbose stack     at EventEmitter.<anonymous> (/Users/Fox/.nvm/versions/node/v6.2.1/lib/node_modules/npm/lib/utils/lifecycle.js:245:16)
14 verbose stack     at emitTwo (events.js:106:13)
14 verbose stack     at EventEmitter.emit (events.js:191:7)
14 verbose stack     at ChildProcess.<anonymous> (/Users/Fox/.nvm/versions/node/v6.2.1/lib/node_modules/npm/lib/utils/spawn.js:24:14)
14 verbose stack     at emitTwo (events.js:106:13)
14 verbose stack     at ChildProcess.emit (events.js:191:7)
14 verbose stack     at maybeClose (internal/child_process.js:852:16)
14 verbose stack     at Process.ChildProcess._handle.onexit (internal/child_process.js:215:5)
15 verbose pkgid center_stage_landing@1.0.0
16 verbose cwd /Users/Fox/Documents/Programming/casted.co3/main
17 error Darwin 15.5.0
18 error argv "/Users/Fox/.nvm/versions/node/v6.2.1/bin/node" "/Users/Fox/.nvm/versions/node/v6.2.1/bin/npm" "start"
19 error node v6.2.1
20 error npm  v3.9.3
21 error code ELIFECYCLE
22 error center_stage_landing@1.0.0 start: `node start.js`
22 error Exit status 1
23 error Failed at the center_stage_landing@1.0.0 start script 'node start.js'.
23 error Make sure you have the latest version of node.js and npm installed.
23 error If you do, this is most likely a problem with the center_stage_landing package,
23 error not with npm itself.
23 error Tell the author that this fails on your system:
23 error     node start.js
23 error You can get information on how to open an issue for this project with:
23 error     npm bugs center_stage_landing
23 error Or if that isn't available, you can get their info via:
23 error     npm owner ls center_stage_landing
23 error There is likely additional logging output above.
24 verbose exit [ 1, true ]
